<?xml version="1.0" encoding="UTF-8"?>
<!-- Generated by org.testng.reporters.JUnitXMLReporter -->
<testsuite ignored="0" hostname="ASUS_VIVOBOOK" failures="0" tests="4" name="Submit Order" time="39.782" errors="0" timestamp="2025-07-01T20:21:36 IST">
  <testcase classname="seleniumframeworkdesign.StandAloneTest2" name="submitOrder" time="14.826"/>
  <testcase classname="seleniumframeworkdesign.StandAloneTest2" name="submitOrder" time="14.788"/>
  <testcase classname="seleniumframeworkdesign.StandAloneTest2" name="orderHistory" time="0.747"/>
  <testcase classname="seleniumframeworkdesign.StandAloneTest2" name="orderHistory" time="0.734"/>
</testsuite> <!-- Submit Order -->
