<?xml version="1.0" encoding="UTF-8"?>
<testng-results ignored="0" total="3" passed="2" failed="1" skipped="0">
  <reporter-output>
  </reporter-output>
  <suite started-at="2025-06-27T08:59:06 IST" name="Default suite" finished-at="2025-06-27T08:59:50 IST" duration-ms="43993">
    <groups>
      <group name="purchase">
        <method signature="StandAloneTest2.submitOrder(java.util.HashMap)[pri:0, instance:seleniumframeworkdesign.StandAloneTest2@117159c0]" name="submitOrder" class="seleniumframeworkdesign.StandAloneTest2"/>
      </group> <!-- purchase -->
    </groups>
    <test started-at="2025-06-27T08:59:06 IST" name="Default test" finished-at="2025-06-27T08:59:50 IST" duration-ms="43993">
      <class name="seleniumframeworkdesign.StandAloneTest2">
        <test-method is-config="true" signature="launchApplication(org.testng.ITestContext)[pri:0, instance:seleniumframeworkdesign.StandAloneTest2@117159c0]" started-at="2025-06-27T08:59:06 IST" name="launchApplication" finished-at="2025-06-27T08:59:13 IST" duration-ms="7048" status="PASS">
          <params>
            <param index="0">
              <value>
                <![CDATA[org.testng.TestRunner@782bf610]]>
              </value>
            </param>
          </params>
          <reporter-output>
          </reporter-output>
        </test-method> <!-- launchApplication -->
        <test-method signature="submitOrder(java.util.HashMap)[pri:0, instance:seleniumframeworkdesign.StandAloneTest2@117159c0]" started-at="2025-06-27T08:59:13 IST" name="submitOrder" data-provider="getData" finished-at="2025-06-27T08:59:29 IST" duration-ms="15420" status="PASS">
          <params>
            <param index="0">
              <value>
                <![CDATA[{password=Abcd@1234, email=ankit1234@gmail.com, productName=ADIDAS ORIGINAL}]]>
              </value>
            </param>
          </params>
          <reporter-output>
          </reporter-output>
        </test-method> <!-- submitOrder -->
        <test-method is-config="true" signature="closeBrowser()[pri:0, instance:seleniumframeworkdesign.StandAloneTest2@117159c0]" started-at="2025-06-27T08:59:29 IST" name="closeBrowser" finished-at="2025-06-27T08:59:29 IST" duration-ms="205" status="PASS">
          <reporter-output>
          </reporter-output>
        </test-method> <!-- closeBrowser -->
        <test-method is-config="true" signature="launchApplication(org.testng.ITestContext)[pri:0, instance:seleniumframeworkdesign.StandAloneTest2@117159c0]" started-at="2025-06-27T08:59:29 IST" name="launchApplication" finished-at="2025-06-27T08:59:34 IST" duration-ms="5238" status="PASS">
          <params>
            <param index="0">
              <value>
                <![CDATA[org.testng.TestRunner@782bf610]]>
              </value>
            </param>
          </params>
          <reporter-output>
          </reporter-output>
        </test-method> <!-- launchApplication -->
        <test-method signature="submitOrder(java.util.HashMap)[pri:0, instance:seleniumframeworkdesign.StandAloneTest2@117159c0]" started-at="2025-06-27T08:59:34 IST" name="submitOrder" data-provider="getData" finished-at="2025-06-27T08:59:50 IST" duration-ms="15431" status="PASS">
          <params>
            <param index="0">
              <value>
                <![CDATA[{password=Abcd@1234, email=ankit12345@gmail.com, productName=IPHONE 13 PRO}]]>
              </value>
            </param>
          </params>
          <reporter-output>
          </reporter-output>
        </test-method> <!-- submitOrder -->
        <test-method is-config="true" signature="closeBrowser()[pri:0, instance:seleniumframeworkdesign.StandAloneTest2@117159c0]" started-at="2025-06-27T08:59:50 IST" name="closeBrowser" finished-at="2025-06-27T08:59:50 IST" duration-ms="151" status="PASS">
          <reporter-output>
          </reporter-output>
        </test-method> <!-- closeBrowser -->
        <test-method signature="orderHistory(java.lang.String)[pri:0, instance:seleniumframeworkdesign.StandAloneTest2@117159c0]" started-at="2025-06-27T08:59:50 IST" name="orderHistory" data-provider="getData" finished-at="2025-06-27T08:59:50 IST" depends-on-methods="seleniumframeworkdesign.StandAloneTest2.submitOrder" duration-ms="2" status="FAIL">
          <exception class="org.testng.internal.reflect.MethodMatcherException">
            <message>
              <![CDATA[
[public void seleniumframeworkdesign.StandAloneTest2.orderHistory(java.lang.String)] has no parameters defined but was found to be using a data provider (either explicitly specified or inherited from class level annotation).
Data provider mismatch
Method: orderHistory([java.lang.String arg0])
Arguments: [(java.util.HashMap) {password=Abcd@1234, email=ankit1234@gmail.com, productName=ADIDAS ORIGINAL}]]]>
            </message>
            <full-stacktrace>
              <![CDATA[org.testng.internal.reflect.MethodMatcherException: 
[public void seleniumframeworkdesign.StandAloneTest2.orderHistory(java.lang.String)] has no parameters defined but was found to be using a data provider (either explicitly specified or inherited from class level annotation).
Data provider mismatch
Method: orderHistory([java.lang.String arg0])
Arguments: [(java.util.HashMap) {password=Abcd@1234, email=ankit1234@gmail.com, productName=ADIDAS ORIGINAL}]
at org.testng.internal.reflect.DataProviderMethodMatcher.getConformingArguments(DataProviderMethodMatcher.java:46)
at org.testng.internal.Parameters.injectParameters(Parameters.java:915)
at org.testng.internal.invokers.MethodRunner.runInSequence(MethodRunner.java:50)
at org.testng.internal.invokers.TestInvoker$MethodInvocationAgent.invoke(TestInvoker.java:995)
at org.testng.internal.invokers.TestInvoker.invokeTestMethods(TestInvoker.java:203)
at org.testng.internal.invokers.TestMethodWorker.invokeTestMethods(TestMethodWorker.java:154)
at org.testng.internal.invokers.TestMethodWorker.run(TestMethodWorker.java:134)
at java.base/java.util.ArrayList.forEach(ArrayList.java:1511)
at org.testng.TestRunner.privateRun(TestRunner.java:741)
at org.testng.TestRunner.run(TestRunner.java:616)
at org.testng.SuiteRunner.runTest(SuiteRunner.java:421)
at org.testng.SuiteRunner.runSequentially(SuiteRunner.java:413)
at org.testng.SuiteRunner.privateRun(SuiteRunner.java:373)
at org.testng.SuiteRunner.run(SuiteRunner.java:312)
at org.testng.SuiteRunnerWorker.runSuite(SuiteRunnerWorker.java:52)
at org.testng.SuiteRunnerWorker.run(SuiteRunnerWorker.java:95)
at org.testng.TestNG.runSuitesSequentially(TestNG.java:1274)
at org.testng.TestNG.runSuitesLocally(TestNG.java:1208)
at org.testng.TestNG.runSuites(TestNG.java:1112)
at org.testng.TestNG.run(TestNG.java:1079)
at org.testng.remote.AbstractRemoteTestNG.run(AbstractRemoteTestNG.java:115)
at org.testng.remote.RemoteTestNG.initAndRun(RemoteTestNG.java:293)
at org.testng.remote.RemoteTestNG.main(RemoteTestNG.java:91)
]]>
            </full-stacktrace>
          </exception> <!-- org.testng.internal.reflect.MethodMatcherException -->
          <reporter-output>
          </reporter-output>
        </test-method> <!-- orderHistory -->
      </class> <!-- seleniumframeworkdesign.StandAloneTest2 -->
    </test> <!-- Default test -->
  </suite> <!-- Default suite -->
</testng-results>
