<?xml version="1.0" encoding="UTF-8"?>
<testng-results ignored="0" total="4" passed="4" failed="0" skipped="0">
  <reporter-output>
  </reporter-output>
  <suite started-at="2025-07-01T20:20:56 IST" name="Suite" finished-at="2025-07-01T20:21:36 IST" duration-ms="39782">
    <groups>
      <group name="purchase">
        <method signature="StandAloneTest2.submitOrder(java.util.HashMap)[pri:0, instance:seleniumframeworkdesign.StandAloneTest2@6bca7e0d]" name="submitOrder" class="seleniumframeworkdesign.StandAloneTest2"/>
      </group> <!-- purchase -->
    </groups>
    <test started-at="2025-07-01T20:20:56 IST" name="Submit Order" finished-at="2025-07-01T20:21:36 IST" duration-ms="39782">
      <class name="seleniumframeworkdesign.StandAloneTest2">
        <test-method is-config="true" signature="launchApplication(org.testng.ITestContext)[pri:0, instance:seleniumframeworkdesign.StandAloneTest2@6bca7e0d]" started-at="2025-07-01T20:20:56 IST" name="launchApplication" finished-at="2025-07-01T20:20:59 IST" duration-ms="2586" status="PASS">
          <params>
            <param index="0">
              <value>
                <![CDATA[org.testng.TestRunner@9b5f3c7]]>
              </value>
            </param>
          </params>
          <reporter-output>
          </reporter-output>
        </test-method> <!-- launchApplication -->
        <test-method signature="submitOrder(java.util.HashMap)[pri:0, instance:seleniumframeworkdesign.StandAloneTest2@6bca7e0d]" started-at="2025-07-01T20:20:59 IST" name="submitOrder" data-provider="getData" finished-at="2025-07-01T20:21:14 IST" duration-ms="14826" status="PASS">
          <params>
            <param index="0">
              <value>
                <![CDATA[{password=Abcd@1234, email=ankit1234@gmail.com, productName=ADIDAS ORIGINAL}]]>
              </value>
            </param>
          </params>
          <reporter-output>
          </reporter-output>
        </test-method> <!-- submitOrder -->
        <test-method is-config="true" signature="closeBrowser()[pri:0, instance:seleniumframeworkdesign.StandAloneTest2@6bca7e0d]" started-at="2025-07-01T20:21:14 IST" name="closeBrowser" finished-at="2025-07-01T20:21:14 IST" duration-ms="132" status="PASS">
          <reporter-output>
          </reporter-output>
        </test-method> <!-- closeBrowser -->
        <test-method is-config="true" signature="launchApplication(org.testng.ITestContext)[pri:0, instance:seleniumframeworkdesign.StandAloneTest2@6bca7e0d]" started-at="2025-07-01T20:21:14 IST" name="launchApplication" finished-at="2025-07-01T20:21:16 IST" duration-ms="1899" status="PASS">
          <params>
            <param index="0">
              <value>
                <![CDATA[org.testng.TestRunner@9b5f3c7]]>
              </value>
            </param>
          </params>
          <reporter-output>
          </reporter-output>
        </test-method> <!-- launchApplication -->
        <test-method signature="submitOrder(java.util.HashMap)[pri:0, instance:seleniumframeworkdesign.StandAloneTest2@6bca7e0d]" started-at="2025-07-01T20:21:16 IST" name="submitOrder" data-provider="getData" finished-at="2025-07-01T20:21:31 IST" duration-ms="14788" status="PASS">
          <params>
            <param index="0">
              <value>
                <![CDATA[{password=Abcd@1234, email=ankit12345@gmail.com, productName=IPHONE 13 PRO}]]>
              </value>
            </param>
          </params>
          <reporter-output>
          </reporter-output>
        </test-method> <!-- submitOrder -->
        <test-method is-config="true" signature="closeBrowser()[pri:0, instance:seleniumframeworkdesign.StandAloneTest2@6bca7e0d]" started-at="2025-07-01T20:21:31 IST" name="closeBrowser" finished-at="2025-07-01T20:21:31 IST" duration-ms="122" status="PASS">
          <reporter-output>
          </reporter-output>
        </test-method> <!-- closeBrowser -->
        <test-method is-config="true" signature="launchApplication(org.testng.ITestContext)[pri:0, instance:seleniumframeworkdesign.StandAloneTest2@6bca7e0d]" started-at="2025-07-01T20:21:31 IST" name="launchApplication" finished-at="2025-07-01T20:21:33 IST" duration-ms="1797" status="PASS">
          <params>
            <param index="0">
              <value>
                <![CDATA[org.testng.TestRunner@9b5f3c7]]>
              </value>
            </param>
          </params>
          <reporter-output>
          </reporter-output>
        </test-method> <!-- launchApplication -->
        <test-method signature="orderHistory(java.util.HashMap)[pri:0, instance:seleniumframeworkdesign.StandAloneTest2@6bca7e0d]" started-at="2025-07-01T20:21:33 IST" name="orderHistory" data-provider="getData" finished-at="2025-07-01T20:21:33 IST" depends-on-methods="seleniumframeworkdesign.StandAloneTest2.submitOrder" duration-ms="747" status="PASS">
          <params>
            <param index="0">
              <value>
                <![CDATA[{password=Abcd@1234, email=ankit1234@gmail.com, productName=ADIDAS ORIGINAL}]]>
              </value>
            </param>
          </params>
          <reporter-output>
          </reporter-output>
        </test-method> <!-- orderHistory -->
        <test-method is-config="true" signature="closeBrowser()[pri:0, instance:seleniumframeworkdesign.StandAloneTest2@6bca7e0d]" started-at="2025-07-01T20:21:33 IST" name="closeBrowser" finished-at="2025-07-01T20:21:33 IST" duration-ms="87" status="PASS">
          <reporter-output>
          </reporter-output>
        </test-method> <!-- closeBrowser -->
        <test-method is-config="true" signature="launchApplication(org.testng.ITestContext)[pri:0, instance:seleniumframeworkdesign.StandAloneTest2@6bca7e0d]" started-at="2025-07-01T20:21:33 IST" name="launchApplication" finished-at="2025-07-01T20:21:35 IST" duration-ms="1642" status="PASS">
          <params>
            <param index="0">
              <value>
                <![CDATA[org.testng.TestRunner@9b5f3c7]]>
              </value>
            </param>
          </params>
          <reporter-output>
          </reporter-output>
        </test-method> <!-- launchApplication -->
        <test-method signature="orderHistory(java.util.HashMap)[pri:0, instance:seleniumframeworkdesign.StandAloneTest2@6bca7e0d]" started-at="2025-07-01T20:21:35 IST" name="orderHistory" data-provider="getData" finished-at="2025-07-01T20:21:36 IST" depends-on-methods="seleniumframeworkdesign.StandAloneTest2.submitOrder" duration-ms="734" status="PASS">
          <params>
            <param index="0">
              <value>
                <![CDATA[{password=Abcd@1234, email=ankit12345@gmail.com, productName=IPHONE 13 PRO}]]>
              </value>
            </param>
          </params>
          <reporter-output>
          </reporter-output>
        </test-method> <!-- orderHistory -->
        <test-method is-config="true" signature="closeBrowser()[pri:0, instance:seleniumframeworkdesign.StandAloneTest2@6bca7e0d]" started-at="2025-07-01T20:21:36 IST" name="closeBrowser" finished-at="2025-07-01T20:21:36 IST" duration-ms="111" status="PASS">
          <reporter-output>
          </reporter-output>
        </test-method> <!-- closeBrowser -->
      </class> <!-- seleniumframeworkdesign.StandAloneTest2 -->
    </test> <!-- Submit Order -->
  </suite> <!-- Suite -->
</testng-results>
